{"/private/var/projects/vegofy/wire/index.js": {"path":"/private/var/projects/vegofy/wire/index.js","statementMap":{"0":{"start":{"line":1,"column":16},"end":{"line":1,"column":34}},"1":{"start":{"line":2,"column":19},"end":{"line":2,"column":41}},"2":{"start":{"line":3,"column":17},"end":{"line":3,"column":36}},"3":{"start":{"line":4,"column":20},"end":{"line":4,"column":43}},"4":{"start":{"line":5,"column":12},"end":{"line":5,"column":35}},"5":{"start":{"line":6,"column":17},"end":{"line":6,"column":32}},"6":{"start":{"line":7,"column":15},"end":{"line":7,"column":35}},"7":{"start":{"line":8,"column":17},"end":{"line":8,"column":36}},"8":{"start":{"line":9,"column":33},"end":{"line":9,"column":44}},"9":{"start":{"line":11,"column":12},"end":{"line":11,"column":21}},"10":{"start":{"line":12,"column":0},"end":{"line":12,"column":27}},"11":{"start":{"line":15,"column":19},"end":{"line":18,"column":1}},"12":{"start":{"line":20,"column":0},"end":{"line":39,"column":2}},"13":{"start":{"line":22,"column":24},"end":{"line":22,"column":34}},"14":{"start":{"line":24,"column":4},"end":{"line":37,"column":5}},"15":{"start":{"line":25,"column":6},"end":{"line":25,"column":31}},"16":{"start":{"line":27,"column":19},"end":{"line":31,"column":8}},"17":{"start":{"line":32,"column":6},"end":{"line":36,"column":7}},"18":{"start":{"line":33,"column":8},"end":{"line":33,"column":43}},"19":{"start":{"line":35,"column":8},"end":{"line":35,"column":33}},"20":{"start":{"line":40,"column":0},"end":{"line":40,"column":105}},"21":{"start":{"line":41,"column":0},"end":{"line":41,"column":101}},"22":{"start":{"line":42,"column":0},"end":{"line":42,"column":93}},"23":{"start":{"line":45,"column":0},"end":{"line":55,"column":3}},"24":{"start":{"line":46,"column":33},"end":{"line":46,"column":41}},"25":{"start":{"line":47,"column":15},"end":{"line":47,"column":108}},"26":{"start":{"line":48,"column":2},"end":{"line":54,"column":3}},"27":{"start":{"line":49,"column":17},"end":{"line":49,"column":27}},"28":{"start":{"line":50,"column":18},"end":{"line":50,"column":79}},"29":{"start":{"line":51,"column":4},"end":{"line":51,"column":24}},"30":{"start":{"line":53,"column":4},"end":{"line":53,"column":70}},"31":{"start":{"line":58,"column":13},"end":{"line":58,"column":37}},"32":{"start":{"line":60,"column":0},"end":{"line":62,"column":3}},"33":{"start":{"line":61,"column":2},"end":{"line":61,"column":51}},"34":{"start":{"line":64,"column":0},"end":{"line":64,"column":21}}},"fnMap":{"0":{"name":"(anonymous_0)","decl":{"start":{"line":21,"column":27},"end":{"line":21,"column":28}},"loc":{"start":{"line":21,"column":52},"end":{"line":38,"column":3}},"line":21},"1":{"name":"(anonymous_1)","decl":{"start":{"line":45,"column":19},"end":{"line":45,"column":20}},"loc":{"start":{"line":45,"column":39},"end":{"line":55,"column":1}},"line":45},"2":{"name":"(anonymous_2)","decl":{"start":{"line":60,"column":17},"end":{"line":60,"column":18}},"loc":{"start":{"line":60,"column":29},"end":{"line":62,"column":1}},"line":60}},"branchMap":{"0":{"loc":{"start":{"line":24,"column":4},"end":{"line":37,"column":5}},"type":"if","locations":[{"start":{"line":24,"column":4},"end":{"line":37,"column":5}},{"start":{"line":26,"column":11},"end":{"line":37,"column":5}}],"line":24},"1":{"loc":{"start":{"line":32,"column":6},"end":{"line":36,"column":7}},"type":"if","locations":[{"start":{"line":32,"column":6},"end":{"line":36,"column":7}},{"start":{"line":34,"column":13},"end":{"line":36,"column":7}}],"line":32},"2":{"loc":{"start":{"line":48,"column":2},"end":{"line":54,"column":3}},"type":"if","locations":[{"start":{"line":48,"column":2},"end":{"line":54,"column":3}},{"start":{"line":52,"column":9},"end":{"line":54,"column":3}}],"line":48},"3":{"loc":{"start":{"line":58,"column":13},"end":{"line":58,"column":37}},"type":"binary-expr","locations":[{"start":{"line":58,"column":13},"end":{"line":58,"column":29}},{"start":{"line":58,"column":33},"end":{"line":58,"column":37}}],"line":58}},"s":{"0":1,"1":1,"2":1,"3":1,"4":1,"5":1,"6":1,"7":1,"8":1,"9":1,"10":1,"11":1,"12":1,"13":0,"14":0,"15":0,"16":0,"17":0,"18":0,"19":0,"20":1,"21":1,"22":1,"23":1,"24":1,"25":1,"26":1,"27":1,"28":1,"29":1,"30":0,"31":1,"32":1,"33":1,"34":1},"f":{"0":0,"1":1,"2":1},"b":{"0":[0,0],"1":[0,0],"2":[1,0],"3":[1,0]},"_coverageSchema":"1a1c01bbd47fc00a2c39e90264f33305004495a9","hash":"4610179f0c325e6fef8c272d1db371cb4c54b0d5"}
,"/private/var/projects/vegofy/wire/functions/modelFunctions.js": {"path":"/private/var/projects/vegofy/wire/functions/modelFunctions.js","statementMap":{"0":{"start":{"line":1,"column":0},"end":{"line":48,"column":2}},"1":{"start":{"line":3,"column":4},"end":{"line":8,"column":5}},"2":{"start":{"line":4,"column":22},"end":{"line":4,"column":46}},"3":{"start":{"line":5,"column":6},"end":{"line":5,"column":21}},"4":{"start":{"line":7,"column":6},"end":{"line":7,"column":18}},"5":{"start":{"line":11,"column":4},"end":{"line":16,"column":5}},"6":{"start":{"line":12,"column":25},"end":{"line":12,"column":46}},"7":{"start":{"line":13,"column":6},"end":{"line":13,"column":24}},"8":{"start":{"line":15,"column":6},"end":{"line":15,"column":18}},"9":{"start":{"line":19,"column":4},"end":{"line":29,"column":5}},"10":{"start":{"line":20,"column":21},"end":{"line":20,"column":45}},"11":{"start":{"line":21,"column":6},"end":{"line":26,"column":7}},"12":{"start":{"line":22,"column":8},"end":{"line":22,"column":37}},"13":{"start":{"line":23,"column":8},"end":{"line":23,"column":22}},"14":{"start":{"line":25,"column":8},"end":{"line":25,"column":44}},"15":{"start":{"line":28,"column":6},"end":{"line":28,"column":18}},"16":{"start":{"line":32,"column":4},"end":{"line":42,"column":5}},"17":{"start":{"line":33,"column":21},"end":{"line":33,"column":45}},"18":{"start":{"line":34,"column":6},"end":{"line":39,"column":7}},"19":{"start":{"line":35,"column":8},"end":{"line":35,"column":31}},"20":{"start":{"line":36,"column":8},"end":{"line":36,"column":20}},"21":{"start":{"line":38,"column":8},"end":{"line":38,"column":44}},"22":{"start":{"line":41,"column":6},"end":{"line":41,"column":18}},"23":{"start":{"line":45,"column":19},"end":{"line":45,"column":49}},"24":{"start":{"line":46,"column":4},"end":{"line":46,"column":18}}},"fnMap":{"0":{"name":"(anonymous_0)","decl":{"start":{"line":2,"column":10},"end":{"line":2,"column":11}},"loc":{"start":{"line":2,"column":33},"end":{"line":9,"column":3}},"line":2},"1":{"name":"(anonymous_1)","decl":{"start":{"line":10,"column":10},"end":{"line":10,"column":11}},"loc":{"start":{"line":10,"column":27},"end":{"line":17,"column":3}},"line":10},"2":{"name":"(anonymous_2)","decl":{"start":{"line":18,"column":10},"end":{"line":18,"column":11}},"loc":{"start":{"line":18,"column":40},"end":{"line":30,"column":3}},"line":18},"3":{"name":"(anonymous_3)","decl":{"start":{"line":31,"column":14},"end":{"line":31,"column":15}},"loc":{"start":{"line":31,"column":35},"end":{"line":43,"column":3}},"line":31},"4":{"name":"(anonymous_4)","decl":{"start":{"line":44,"column":14},"end":{"line":44,"column":15}},"loc":{"start":{"line":44,"column":42},"end":{"line":47,"column":3}},"line":44}},"branchMap":{"0":{"loc":{"start":{"line":21,"column":6},"end":{"line":26,"column":7}},"type":"if","locations":[{"start":{"line":21,"column":6},"end":{"line":26,"column":7}},{"start":{"line":24,"column":13},"end":{"line":26,"column":7}}],"line":21},"1":{"loc":{"start":{"line":34,"column":6},"end":{"line":39,"column":7}},"type":"if","locations":[{"start":{"line":34,"column":6},"end":{"line":39,"column":7}},{"start":{"line":37,"column":13},"end":{"line":39,"column":7}}],"line":34}},"s":{"0":1,"1":1,"2":1,"3":1,"4":0,"5":0,"6":0,"7":0,"8":0,"9":0,"10":0,"11":0,"12":0,"13":0,"14":0,"15":0,"16":0,"17":0,"18":0,"19":0,"20":0,"21":0,"22":0,"23":1,"24":1},"f":{"0":1,"1":0,"2":0,"3":0,"4":1},"b":{"0":[0,0],"1":[0,0]},"_coverageSchema":"1a1c01bbd47fc00a2c39e90264f33305004495a9","hash":"c9414f3479cd8168267972096bdd5c3929f07fa2"}
,"/private/var/projects/vegofy/wire/functions/schema.js": {"path":"/private/var/projects/vegofy/wire/functions/schema.js","statementMap":{"0":{"start":{"line":1,"column":12},"end":{"line":1,"column":26}},"1":{"start":{"line":2,"column":25},"end":{"line":6,"column":2}},"2":{"start":{"line":7,"column":23},"end":{"line":11,"column":2}},"3":{"start":{"line":13,"column":0},"end":{"line":13,"column":54}}},"fnMap":{},"branchMap":{},"s":{"0":1,"1":1,"2":1,"3":1},"f":{},"b":{},"_coverageSchema":"1a1c01bbd47fc00a2c39e90264f33305004495a9","hash":"e881328a5cdaea815eb3f0c748b4e42b7733a19e"}
,"/private/var/projects/vegofy/wire/models/customer.js": {"path":"/private/var/projects/vegofy/wire/models/customer.js","statementMap":{"0":{"start":{"line":1,"column":0},"end":{"line":15,"column":2}},"1":{"start":{"line":2,"column":19},"end":{"line":12,"column":3}},"2":{"start":{"line":14,"column":2},"end":{"line":14,"column":18}}},"fnMap":{"0":{"name":"(anonymous_0)","decl":{"start":{"line":1,"column":17},"end":{"line":1,"column":18}},"loc":{"start":{"line":1,"column":43},"end":{"line":15,"column":1}},"line":1}},"branchMap":{},"s":{"0":1,"1":1,"2":1},"f":{"0":1},"b":{},"_coverageSchema":"1a1c01bbd47fc00a2c39e90264f33305004495a9","hash":"9cdbc341214cea1e19965f84cf0b78af774a8a2a"}
,"/private/var/projects/vegofy/wire/models/index.js": {"path":"/private/var/projects/vegofy/wire/models/index.js","statementMap":{"0":{"start":{"line":3,"column":11},"end":{"line":3,"column":24}},"1":{"start":{"line":4,"column":13},"end":{"line":4,"column":28}},"2":{"start":{"line":5,"column":18},"end":{"line":5,"column":38}},"3":{"start":{"line":6,"column":16},"end":{"line":6,"column":34}},"4":{"start":{"line":7,"column":17},"end":{"line":7,"column":42}},"5":{"start":{"line":8,"column":12},"end":{"line":8,"column":49}},"6":{"start":{"line":9,"column":15},"end":{"line":9,"column":65}},"7":{"start":{"line":10,"column":11},"end":{"line":10,"column":13}},"8":{"start":{"line":13,"column":0},"end":{"line":17,"column":1}},"9":{"start":{"line":14,"column":2},"end":{"line":14,"column":74}},"10":{"start":{"line":16,"column":2},"end":{"line":16,"column":87}},"11":{"start":{"line":19,"column":0},"end":{"line":26,"column":5}},"12":{"start":{"line":21,"column":4},"end":{"line":21,"column":119}},"13":{"start":{"line":24,"column":18},"end":{"line":24,"column":85}},"14":{"start":{"line":25,"column":4},"end":{"line":25,"column":27}},"15":{"start":{"line":28,"column":0},"end":{"line":32,"column":3}},"16":{"start":{"line":29,"column":2},"end":{"line":31,"column":3}},"17":{"start":{"line":30,"column":4},"end":{"line":30,"column":32}},"18":{"start":{"line":34,"column":0},"end":{"line":34,"column":25}},"19":{"start":{"line":35,"column":0},"end":{"line":35,"column":25}},"20":{"start":{"line":37,"column":0},"end":{"line":37,"column":20}}},"fnMap":{"0":{"name":"(anonymous_0)","decl":{"start":{"line":20,"column":10},"end":{"line":20,"column":11}},"loc":{"start":{"line":20,"column":20},"end":{"line":22,"column":3}},"line":20},"1":{"name":"(anonymous_1)","decl":{"start":{"line":23,"column":11},"end":{"line":23,"column":12}},"loc":{"start":{"line":23,"column":21},"end":{"line":26,"column":3}},"line":23},"2":{"name":"(anonymous_2)","decl":{"start":{"line":28,"column":24},"end":{"line":28,"column":25}},"loc":{"start":{"line":28,"column":39},"end":{"line":32,"column":1}},"line":28}},"branchMap":{"0":{"loc":{"start":{"line":8,"column":12},"end":{"line":8,"column":49}},"type":"binary-expr","locations":[{"start":{"line":8,"column":12},"end":{"line":8,"column":32}},{"start":{"line":8,"column":36},"end":{"line":8,"column":49}}],"line":8},"1":{"loc":{"start":{"line":13,"column":0},"end":{"line":17,"column":1}},"type":"if","locations":[{"start":{"line":13,"column":0},"end":{"line":17,"column":1}},{"start":{"line":15,"column":7},"end":{"line":17,"column":1}}],"line":13},"2":{"loc":{"start":{"line":21,"column":11},"end":{"line":21,"column":118}},"type":"binary-expr","locations":[{"start":{"line":21,"column":11},"end":{"line":21,"column":34}},{"start":{"line":21,"column":38},"end":{"line":21,"column":55}},{"start":{"line":21,"column":59},"end":{"line":21,"column":83}},{"start":{"line":21,"column":87},"end":{"line":21,"column":118}}],"line":21},"3":{"loc":{"start":{"line":29,"column":2},"end":{"line":31,"column":3}},"type":"if","locations":[{"start":{"line":29,"column":2},"end":{"line":31,"column":3}},{"start":{},"end":{}}],"line":29}},"s":{"0":1,"1":1,"2":1,"3":1,"4":1,"5":1,"6":1,"7":1,"8":1,"9":0,"10":1,"11":1,"12":5,"13":4,"14":4,"15":1,"16":4,"17":1,"18":1,"19":1,"20":1},"f":{"0":5,"1":4,"2":4},"b":{"0":[1,0],"1":[0,1],"2":[5,5,4,4],"3":[1,3]},"_coverageSchema":"1a1c01bbd47fc00a2c39e90264f33305004495a9","hash":"968592c5ab80d11e21b6c94f299eb780150f83e4"}
,"/private/var/projects/vegofy/wire/models/medication.js": {"path":"/private/var/projects/vegofy/wire/models/medication.js","statementMap":{"0":{"start":{"line":1,"column":0},"end":{"line":17,"column":2}},"1":{"start":{"line":2,"column":21},"end":{"line":12,"column":3}},"2":{"start":{"line":16,"column":2},"end":{"line":16,"column":20}}},"fnMap":{"0":{"name":"(anonymous_0)","decl":{"start":{"line":1,"column":17},"end":{"line":1,"column":18}},"loc":{"start":{"line":1,"column":43},"end":{"line":17,"column":1}},"line":1}},"branchMap":{},"s":{"0":1,"1":1,"2":1},"f":{"0":1},"b":{},"_coverageSchema":"1a1c01bbd47fc00a2c39e90264f33305004495a9","hash":"12021821b0307eb348aeff98aadd141e6cb6312d"}
,"/private/var/projects/vegofy/wire/models/role.js": {"path":"/private/var/projects/vegofy/wire/models/role.js","statementMap":{"0":{"start":{"line":2,"column":18},"end":{"line":2,"column":38}},"1":{"start":{"line":3,"column":0},"end":{"line":12,"column":2}},"2":{"start":{"line":4,"column":15},"end":{"line":10,"column":3}},"3":{"start":{"line":11,"column":2},"end":{"line":11,"column":14}}},"fnMap":{"0":{"name":"(anonymous_0)","decl":{"start":{"line":3,"column":17},"end":{"line":3,"column":18}},"loc":{"start":{"line":3,"column":43},"end":{"line":12,"column":1}},"line":3}},"branchMap":{},"s":{"0":1,"1":1,"2":1,"3":1},"f":{"0":1},"b":{},"_coverageSchema":"1a1c01bbd47fc00a2c39e90264f33305004495a9","hash":"e82409c10f52967848d356ccc352285d04a484a6"}
,"/private/var/projects/vegofy/wire/models/user.js": {"path":"/private/var/projects/vegofy/wire/models/user.js","statementMap":{"0":{"start":{"line":2,"column":0},"end":{"line":18,"column":2}},"1":{"start":{"line":3,"column":15},"end":{"line":13,"column":3}},"2":{"start":{"line":14,"column":2},"end":{"line":16,"column":4}},"3":{"start":{"line":15,"column":4},"end":{"line":15,"column":32}},"4":{"start":{"line":17,"column":2},"end":{"line":17,"column":14}}},"fnMap":{"0":{"name":"(anonymous_0)","decl":{"start":{"line":2,"column":17},"end":{"line":2,"column":18}},"loc":{"start":{"line":2,"column":43},"end":{"line":18,"column":1}},"line":2},"1":{"name":"(anonymous_1)","decl":{"start":{"line":14,"column":19},"end":{"line":14,"column":20}},"loc":{"start":{"line":14,"column":37},"end":{"line":16,"column":3}},"line":14}},"branchMap":{},"s":{"0":1,"1":1,"2":1,"3":1,"4":1},"f":{"0":1,"1":1},"b":{},"_coverageSchema":"1a1c01bbd47fc00a2c39e90264f33305004495a9","hash":"9a944371e621195e4e63c174b8a645fea797cff6"}
,"/private/var/projects/vegofy/wire/routes/customer.js": {"path":"/private/var/projects/vegofy/wire/routes/customer.js","statementMap":{"0":{"start":{"line":1,"column":16},"end":{"line":1,"column":34}},"1":{"start":{"line":2,"column":15},"end":{"line":2,"column":31}},"2":{"start":{"line":3,"column":42},"end":{"line":3,"column":72}},"3":{"start":{"line":4,"column":27},"end":{"line":4,"column":57}},"4":{"start":{"line":5,"column":21},"end":{"line":5,"column":41}},"5":{"start":{"line":6,"column":15},"end":{"line":6,"column":35}},"6":{"start":{"line":8,"column":59},"end":{"line":8,"column":97}},"7":{"start":{"line":9,"column":0},"end":{"line":16,"column":3}},"8":{"start":{"line":10,"column":2},"end":{"line":15,"column":3}},"9":{"start":{"line":11,"column":17},"end":{"line":11,"column":39}},"10":{"start":{"line":12,"column":4},"end":{"line":12,"column":46}},"11":{"start":{"line":14,"column":4},"end":{"line":14,"column":112}},"12":{"start":{"line":17,"column":0},"end":{"line":37,"column":3}},"13":{"start":{"line":18,"column":2},"end":{"line":36,"column":3}},"14":{"start":{"line":19,"column":22},"end":{"line":19,"column":55}},"15":{"start":{"line":20,"column":4},"end":{"line":33,"column":5}},"16":{"start":{"line":21,"column":6},"end":{"line":21,"column":68}},"17":{"start":{"line":23,"column":19},"end":{"line":23,"column":27}},"18":{"start":{"line":24,"column":20},"end":{"line":24,"column":133}},"19":{"start":{"line":25,"column":6},"end":{"line":32,"column":7}},"20":{"start":{"line":26,"column":8},"end":{"line":26,"column":24}},"21":{"start":{"line":27,"column":8},"end":{"line":27,"column":35}},"22":{"start":{"line":28,"column":24},"end":{"line":28,"column":52}},"23":{"start":{"line":29,"column":8},"end":{"line":29,"column":53}},"24":{"start":{"line":31,"column":8},"end":{"line":31,"column":77}},"25":{"start":{"line":35,"column":4},"end":{"line":35,"column":112}},"26":{"start":{"line":38,"column":0},"end":{"line":46,"column":3}},"27":{"start":{"line":39,"column":2},"end":{"line":45,"column":3}},"28":{"start":{"line":40,"column":15},"end":{"line":40,"column":28}},"29":{"start":{"line":41,"column":26},"end":{"line":41,"column":67}},"30":{"start":{"line":42,"column":4},"end":{"line":42,"column":55}},"31":{"start":{"line":44,"column":4},"end":{"line":44,"column":112}},"32":{"start":{"line":47,"column":0},"end":{"line":55,"column":3}},"33":{"start":{"line":48,"column":2},"end":{"line":54,"column":3}},"34":{"start":{"line":49,"column":15},"end":{"line":49,"column":28}},"35":{"start":{"line":50,"column":4},"end":{"line":50,"column":35}},"36":{"start":{"line":51,"column":4},"end":{"line":51,"column":69}},"37":{"start":{"line":53,"column":4},"end":{"line":53,"column":112}},"38":{"start":{"line":56,"column":0},"end":{"line":91,"column":3}},"39":{"start":{"line":57,"column":2},"end":{"line":90,"column":3}},"40":{"start":{"line":58,"column":15},"end":{"line":58,"column":28}},"41":{"start":{"line":59,"column":22},"end":{"line":59,"column":55}},"42":{"start":{"line":60,"column":17},"end":{"line":60,"column":25}},"43":{"start":{"line":61,"column":4},"end":{"line":87,"column":5}},"44":{"start":{"line":62,"column":6},"end":{"line":62,"column":68}},"45":{"start":{"line":65,"column":20},"end":{"line":80,"column":7}},"46":{"start":{"line":81,"column":6},"end":{"line":86,"column":7}},"47":{"start":{"line":82,"column":30},"end":{"line":82,"column":66}},"48":{"start":{"line":83,"column":8},"end":{"line":83,"column":59}},"49":{"start":{"line":85,"column":8},"end":{"line":85,"column":77}},"50":{"start":{"line":89,"column":4},"end":{"line":89,"column":112}},"51":{"start":{"line":92,"column":0},"end":{"line":92,"column":24}}},"fnMap":{"0":{"name":"(anonymous_0)","decl":{"start":{"line":9,"column":60},"end":{"line":9,"column":61}},"loc":{"start":{"line":9,"column":80},"end":{"line":16,"column":1}},"line":9},"1":{"name":"(anonymous_1)","decl":{"start":{"line":17,"column":68},"end":{"line":17,"column":69}},"loc":{"start":{"line":17,"column":88},"end":{"line":37,"column":1}},"line":17},"2":{"name":"(anonymous_2)","decl":{"start":{"line":38,"column":78},"end":{"line":38,"column":79}},"loc":{"start":{"line":38,"column":98},"end":{"line":46,"column":1}},"line":38},"3":{"name":"(anonymous_3)","decl":{"start":{"line":47,"column":78},"end":{"line":47,"column":79}},"loc":{"start":{"line":47,"column":98},"end":{"line":55,"column":1}},"line":47},"4":{"name":"(anonymous_4)","decl":{"start":{"line":56,"column":72},"end":{"line":56,"column":73}},"loc":{"start":{"line":56,"column":92},"end":{"line":91,"column":1}},"line":56}},"branchMap":{"0":{"loc":{"start":{"line":14,"column":69},"end":{"line":14,"column":100}},"type":"binary-expr","locations":[{"start":{"line":14,"column":69},"end":{"line":14,"column":82}},{"start":{"line":14,"column":86},"end":{"line":14,"column":100}}],"line":14},"1":{"loc":{"start":{"line":20,"column":4},"end":{"line":33,"column":5}},"type":"if","locations":[{"start":{"line":20,"column":4},"end":{"line":33,"column":5}},{"start":{"line":22,"column":11},"end":{"line":33,"column":5}}],"line":20},"2":{"loc":{"start":{"line":25,"column":6},"end":{"line":32,"column":7}},"type":"if","locations":[{"start":{"line":25,"column":6},"end":{"line":32,"column":7}},{"start":{"line":30,"column":13},"end":{"line":32,"column":7}}],"line":25},"3":{"loc":{"start":{"line":35,"column":69},"end":{"line":35,"column":100}},"type":"binary-expr","locations":[{"start":{"line":35,"column":69},"end":{"line":35,"column":82}},{"start":{"line":35,"column":86},"end":{"line":35,"column":100}}],"line":35},"4":{"loc":{"start":{"line":44,"column":69},"end":{"line":44,"column":100}},"type":"binary-expr","locations":[{"start":{"line":44,"column":69},"end":{"line":44,"column":82}},{"start":{"line":44,"column":86},"end":{"line":44,"column":100}}],"line":44},"5":{"loc":{"start":{"line":53,"column":69},"end":{"line":53,"column":100}},"type":"binary-expr","locations":[{"start":{"line":53,"column":69},"end":{"line":53,"column":82}},{"start":{"line":53,"column":86},"end":{"line":53,"column":100}}],"line":53},"6":{"loc":{"start":{"line":61,"column":4},"end":{"line":87,"column":5}},"type":"if","locations":[{"start":{"line":61,"column":4},"end":{"line":87,"column":5}},{"start":{"line":63,"column":11},"end":{"line":87,"column":5}}],"line":61},"7":{"loc":{"start":{"line":81,"column":6},"end":{"line":86,"column":7}},"type":"if","locations":[{"start":{"line":81,"column":6},"end":{"line":86,"column":7}},{"start":{"line":84,"column":13},"end":{"line":86,"column":7}}],"line":81},"8":{"loc":{"start":{"line":89,"column":69},"end":{"line":89,"column":100}},"type":"binary-expr","locations":[{"start":{"line":89,"column":69},"end":{"line":89,"column":82}},{"start":{"line":89,"column":86},"end":{"line":89,"column":100}}],"line":89}},"s":{"0":1,"1":1,"2":1,"3":1,"4":1,"5":1,"6":1,"7":1,"8":0,"9":0,"10":0,"11":0,"12":1,"13":3,"14":3,"15":3,"16":2,"17":1,"18":1,"19":1,"20":1,"21":1,"22":1,"23":1,"24":0,"25":0,"26":1,"27":0,"28":0,"29":0,"30":0,"31":0,"32":1,"33":0,"34":0,"35":0,"36":0,"37":0,"38":1,"39":0,"40":0,"41":0,"42":0,"43":0,"44":0,"45":0,"46":0,"47":0,"48":0,"49":0,"50":0,"51":1},"f":{"0":0,"1":3,"2":0,"3":0,"4":0},"b":{"0":[0,0],"1":[2,1],"2":[1,0],"3":[0,0],"4":[0,0],"5":[0,0],"6":[0,0],"7":[0,0],"8":[0,0]},"_coverageSchema":"1a1c01bbd47fc00a2c39e90264f33305004495a9","hash":"663de46b81dfcb9c0cfc02977b64788b2c2bbdf2"}
,"/private/var/projects/vegofy/wire/routes/medication.js": {"path":"/private/var/projects/vegofy/wire/routes/medication.js","statementMap":{"0":{"start":{"line":1,"column":16},"end":{"line":1,"column":34}},"1":{"start":{"line":2,"column":15},"end":{"line":2,"column":31}},"2":{"start":{"line":3,"column":42},"end":{"line":3,"column":72}},"3":{"start":{"line":4,"column":29},"end":{"line":4,"column":59}},"4":{"start":{"line":5,"column":23},"end":{"line":5,"column":43}},"5":{"start":{"line":6,"column":15},"end":{"line":6,"column":35}},"6":{"start":{"line":8,"column":59},"end":{"line":8,"column":97}},"7":{"start":{"line":10,"column":0},"end":{"line":17,"column":3}},"8":{"start":{"line":11,"column":2},"end":{"line":16,"column":3}},"9":{"start":{"line":12,"column":17},"end":{"line":12,"column":41}},"10":{"start":{"line":13,"column":4},"end":{"line":13,"column":46}},"11":{"start":{"line":15,"column":4},"end":{"line":15,"column":112}},"12":{"start":{"line":18,"column":0},"end":{"line":38,"column":3}},"13":{"start":{"line":19,"column":2},"end":{"line":37,"column":3}},"14":{"start":{"line":20,"column":22},"end":{"line":20,"column":57}},"15":{"start":{"line":21,"column":4},"end":{"line":34,"column":5}},"16":{"start":{"line":22,"column":6},"end":{"line":22,"column":68}},"17":{"start":{"line":24,"column":19},"end":{"line":24,"column":27}},"18":{"start":{"line":25,"column":20},"end":{"line":25,"column":80}},"19":{"start":{"line":26,"column":6},"end":{"line":33,"column":7}},"20":{"start":{"line":27,"column":8},"end":{"line":27,"column":24}},"21":{"start":{"line":28,"column":8},"end":{"line":28,"column":35}},"22":{"start":{"line":29,"column":24},"end":{"line":29,"column":54}},"23":{"start":{"line":30,"column":8},"end":{"line":30,"column":53}},"24":{"start":{"line":32,"column":8},"end":{"line":32,"column":77}},"25":{"start":{"line":36,"column":4},"end":{"line":36,"column":112}},"26":{"start":{"line":39,"column":0},"end":{"line":47,"column":3}},"27":{"start":{"line":40,"column":2},"end":{"line":46,"column":3}},"28":{"start":{"line":41,"column":15},"end":{"line":41,"column":28}},"29":{"start":{"line":42,"column":26},"end":{"line":42,"column":69}},"30":{"start":{"line":43,"column":4},"end":{"line":43,"column":55}},"31":{"start":{"line":45,"column":4},"end":{"line":45,"column":112}},"32":{"start":{"line":48,"column":0},"end":{"line":83,"column":3}},"33":{"start":{"line":49,"column":2},"end":{"line":82,"column":3}},"34":{"start":{"line":50,"column":15},"end":{"line":50,"column":28}},"35":{"start":{"line":51,"column":22},"end":{"line":51,"column":57}},"36":{"start":{"line":52,"column":17},"end":{"line":52,"column":25}},"37":{"start":{"line":53,"column":4},"end":{"line":79,"column":5}},"38":{"start":{"line":54,"column":6},"end":{"line":54,"column":68}},"39":{"start":{"line":57,"column":20},"end":{"line":71,"column":7}},"40":{"start":{"line":73,"column":6},"end":{"line":78,"column":7}},"41":{"start":{"line":74,"column":30},"end":{"line":74,"column":64}},"42":{"start":{"line":75,"column":8},"end":{"line":75,"column":59}},"43":{"start":{"line":77,"column":8},"end":{"line":77,"column":77}},"44":{"start":{"line":81,"column":4},"end":{"line":81,"column":112}},"45":{"start":{"line":84,"column":0},"end":{"line":92,"column":3}},"46":{"start":{"line":85,"column":2},"end":{"line":91,"column":3}},"47":{"start":{"line":86,"column":15},"end":{"line":86,"column":28}},"48":{"start":{"line":87,"column":4},"end":{"line":87,"column":37}},"49":{"start":{"line":88,"column":4},"end":{"line":88,"column":69}},"50":{"start":{"line":90,"column":4},"end":{"line":90,"column":112}},"51":{"start":{"line":94,"column":0},"end":{"line":94,"column":24}}},"fnMap":{"0":{"name":"(anonymous_0)","decl":{"start":{"line":10,"column":62},"end":{"line":10,"column":63}},"loc":{"start":{"line":10,"column":82},"end":{"line":17,"column":1}},"line":10},"1":{"name":"(anonymous_1)","decl":{"start":{"line":18,"column":70},"end":{"line":18,"column":71}},"loc":{"start":{"line":18,"column":90},"end":{"line":38,"column":1}},"line":18},"2":{"name":"(anonymous_2)","decl":{"start":{"line":39,"column":80},"end":{"line":39,"column":81}},"loc":{"start":{"line":39,"column":100},"end":{"line":47,"column":1}},"line":39},"3":{"name":"(anonymous_3)","decl":{"start":{"line":48,"column":74},"end":{"line":48,"column":75}},"loc":{"start":{"line":48,"column":94},"end":{"line":83,"column":1}},"line":48},"4":{"name":"(anonymous_4)","decl":{"start":{"line":84,"column":80},"end":{"line":84,"column":81}},"loc":{"start":{"line":84,"column":100},"end":{"line":92,"column":1}},"line":84}},"branchMap":{"0":{"loc":{"start":{"line":15,"column":69},"end":{"line":15,"column":100}},"type":"binary-expr","locations":[{"start":{"line":15,"column":69},"end":{"line":15,"column":82}},{"start":{"line":15,"column":86},"end":{"line":15,"column":100}}],"line":15},"1":{"loc":{"start":{"line":21,"column":4},"end":{"line":34,"column":5}},"type":"if","locations":[{"start":{"line":21,"column":4},"end":{"line":34,"column":5}},{"start":{"line":23,"column":11},"end":{"line":34,"column":5}}],"line":21},"2":{"loc":{"start":{"line":26,"column":6},"end":{"line":33,"column":7}},"type":"if","locations":[{"start":{"line":26,"column":6},"end":{"line":33,"column":7}},{"start":{"line":31,"column":13},"end":{"line":33,"column":7}}],"line":26},"3":{"loc":{"start":{"line":36,"column":69},"end":{"line":36,"column":100}},"type":"binary-expr","locations":[{"start":{"line":36,"column":69},"end":{"line":36,"column":82}},{"start":{"line":36,"column":86},"end":{"line":36,"column":100}}],"line":36},"4":{"loc":{"start":{"line":45,"column":69},"end":{"line":45,"column":100}},"type":"binary-expr","locations":[{"start":{"line":45,"column":69},"end":{"line":45,"column":82}},{"start":{"line":45,"column":86},"end":{"line":45,"column":100}}],"line":45},"5":{"loc":{"start":{"line":53,"column":4},"end":{"line":79,"column":5}},"type":"if","locations":[{"start":{"line":53,"column":4},"end":{"line":79,"column":5}},{"start":{"line":55,"column":11},"end":{"line":79,"column":5}}],"line":53},"6":{"loc":{"start":{"line":73,"column":6},"end":{"line":78,"column":7}},"type":"if","locations":[{"start":{"line":73,"column":6},"end":{"line":78,"column":7}},{"start":{"line":76,"column":13},"end":{"line":78,"column":7}}],"line":73},"7":{"loc":{"start":{"line":81,"column":69},"end":{"line":81,"column":100}},"type":"binary-expr","locations":[{"start":{"line":81,"column":69},"end":{"line":81,"column":82}},{"start":{"line":81,"column":86},"end":{"line":81,"column":100}}],"line":81},"8":{"loc":{"start":{"line":90,"column":69},"end":{"line":90,"column":100}},"type":"binary-expr","locations":[{"start":{"line":90,"column":69},"end":{"line":90,"column":82}},{"start":{"line":90,"column":86},"end":{"line":90,"column":100}}],"line":90}},"s":{"0":1,"1":1,"2":1,"3":1,"4":1,"5":1,"6":1,"7":1,"8":0,"9":0,"10":0,"11":0,"12":1,"13":0,"14":0,"15":0,"16":0,"17":0,"18":0,"19":0,"20":0,"21":0,"22":0,"23":0,"24":0,"25":0,"26":1,"27":0,"28":0,"29":0,"30":0,"31":0,"32":1,"33":0,"34":0,"35":0,"36":0,"37":0,"38":0,"39":0,"40":0,"41":0,"42":0,"43":0,"44":0,"45":1,"46":0,"47":0,"48":0,"49":0,"50":0,"51":1},"f":{"0":0,"1":0,"2":0,"3":0,"4":0},"b":{"0":[0,0],"1":[0,0],"2":[0,0],"3":[0,0],"4":[0,0],"5":[0,0],"6":[0,0],"7":[0,0],"8":[0,0]},"_coverageSchema":"1a1c01bbd47fc00a2c39e90264f33305004495a9","hash":"9d04471c4cf5022688bdc3f176c037b61d9757de"}
,"/private/var/projects/vegofy/wire/routes/user.js": {"path":"/private/var/projects/vegofy/wire/routes/user.js","statementMap":{"0":{"start":{"line":1,"column":16},"end":{"line":1,"column":34}},"1":{"start":{"line":2,"column":15},"end":{"line":2,"column":31}},"2":{"start":{"line":3,"column":42},"end":{"line":3,"column":72}},"3":{"start":{"line":4,"column":17},"end":{"line":4,"column":37}},"4":{"start":{"line":6,"column":19},"end":{"line":6,"column":57}},"5":{"start":{"line":8,"column":0},"end":{"line":15,"column":3}},"6":{"start":{"line":9,"column":2},"end":{"line":14,"column":3}},"7":{"start":{"line":10,"column":17},"end":{"line":10,"column":35}},"8":{"start":{"line":11,"column":4},"end":{"line":11,"column":46}},"9":{"start":{"line":13,"column":4},"end":{"line":13,"column":112}},"10":{"start":{"line":17,"column":0},"end":{"line":17,"column":24}}},"fnMap":{"0":{"name":"(anonymous_0)","decl":{"start":{"line":8,"column":56},"end":{"line":8,"column":57}},"loc":{"start":{"line":8,"column":76},"end":{"line":15,"column":1}},"line":8}},"branchMap":{"0":{"loc":{"start":{"line":13,"column":69},"end":{"line":13,"column":100}},"type":"binary-expr","locations":[{"start":{"line":13,"column":69},"end":{"line":13,"column":82}},{"start":{"line":13,"column":86},"end":{"line":13,"column":100}}],"line":13}},"s":{"0":1,"1":1,"2":1,"3":1,"4":1,"5":1,"6":0,"7":0,"8":0,"9":0,"10":1},"f":{"0":0},"b":{"0":[0,0]},"_coverageSchema":"1a1c01bbd47fc00a2c39e90264f33305004495a9","hash":"e244bcc30ff84527acc9e13e875acf24aca39bf4"}
}
